<?xml version="1.0" encoding="UTF-8"?>
<testsuite name="jpabook.jpashop.service.MemberServiceTest" tests="2" skipped="0" failures="0" errors="0" timestamp="2021-10-11T15:20:10" hostname="Jisooui-MacBookPro.local" time="0.108">
  <properties/>
  <testcase name="중복_회원_가입" classname="jpabook.jpashop.service.MemberServiceTest" time="0.101"/>
  <testcase name="회원가입" classname="jpabook.jpashop.service.MemberServiceTest" time="0.006"/>
  <system-out><![CDATA[2021-10-12 00:20:10.607  INFO 17523 --- [    Test worker] o.s.t.c.transaction.TransactionContext   : Began transaction (1) for test context [DefaultTestContext@7a2a5551 testClass = MemberServiceTest, testInstance = jpabook.jpashop.service.MemberServiceTest@1478784e, testMethod = 중복_회원_가입@MemberServiceTest, testException = [null], mergedContextConfiguration = [WebMergedContextConfiguration@74549c30 testClass = MemberServiceTest, locations = '{}', classes = '{class jpabook.jpashop.JpashopApplication}', contextInitializerClasses = '[]', activeProfiles = '{}', propertySourceLocations = '{}', propertySourceProperties = '{org.springframework.boot.test.context.SpringBootTestContextBootstrapper=true}', contextCustomizers = set[org.springframework.boot.test.autoconfigure.actuate.metrics.MetricsExportContextCustomizerFactory$DisableMetricExportContextCustomizer@61635ea1, org.springframework.boot.test.autoconfigure.properties.PropertyMappingContextCustomizer@0, org.springframework.boot.test.autoconfigure.web.servlet.WebDriverContextCustomizerFactory$Customizer@5e0eb484, org.springframework.boot.test.context.filter.ExcludeFilterContextCustomizer@2e3d8999, org.springframework.boot.test.json.DuplicateJsonObjectContextCustomizerFactory$DuplicateJsonObjectContextCustomizer@23013051, org.springframework.boot.test.mock.mockito.MockitoContextCustomizer@0, org.springframework.boot.test.web.client.TestRestTemplateContextCustomizer@781d79ee, org.springframework.boot.test.context.SpringBootTestArgs@1, org.springframework.boot.test.context.SpringBootTestWebEnvironment@1d3ca2d9], resourceBasePath = 'src/main/webapp', contextLoader = 'org.springframework.boot.test.context.SpringBootContextLoader', parent = [null]], attributes = map['org.springframework.test.context.web.ServletTestExecutionListener.activateListener' -> true, 'org.springframework.test.context.web.ServletTestExecutionListener.populatedRequestContextHolder' -> true, 'org.springframework.test.context.web.ServletTestExecutionListener.resetRequestContextHolder' -> true, 'org.springframework.test.context.event.ApplicationEventsTestExecutionListener.recordApplicationEvents' -> false]]; transaction manager [org.springframework.orm.jpa.JpaTransactionManager@1f94acec]; rollback [true]
2021-10-12 00:20:10.693 DEBUG 17523 --- [    Test worker] org.hibernate.SQL                        : select member0_.member_id as member_i1_4_, member0_.city as city2_4_, member0_.street as street3_4_, member0_.zipcode as zipcode4_4_, member0_.name as name5_4_ from member member0_ where member0_.name=?
2021-10-12 00:20:10.696  INFO 17523 --- [    Test worker] p6spy                                    : #1633965610696 | took 2ms | statement | connection 8| url jdbc:h2:mem:56faea40-be59-4f33-bb46-814df2cc0c7a
select member0_.member_id as member_i1_4_, member0_.city as city2_4_, member0_.street as street3_4_, member0_.zipcode as zipcode4_4_, member0_.name as name5_4_ from member member0_ where member0_.name=?
select member0_.member_id as member_i1_4_, member0_.city as city2_4_, member0_.street as street3_4_, member0_.zipcode as zipcode4_4_, member0_.name as name5_4_ from member member0_ where member0_.name='hwang';
2021-10-12 00:20:10.698 DEBUG 17523 --- [    Test worker] org.hibernate.SQL                        : insert into member (member_id, city, street, zipcode, name) values (null, ?, ?, ?, ?)
2021-10-12 00:20:10.698  INFO 17523 --- [    Test worker] p6spy                                    : #1633965610698 | took 0ms | statement | connection 8| url jdbc:h2:mem:56faea40-be59-4f33-bb46-814df2cc0c7a
insert into member (member_id, city, street, zipcode, name) values (null, ?, ?, ?, ?)
insert into member (member_id, city, street, zipcode, name) values (null, NULL, NULL, NULL, 'hwang');
2021-10-12 00:20:10.704 DEBUG 17523 --- [    Test worker] org.hibernate.SQL                        : select member0_.member_id as member_i1_4_, member0_.city as city2_4_, member0_.street as street3_4_, member0_.zipcode as zipcode4_4_, member0_.name as name5_4_ from member member0_ where member0_.name=?
2021-10-12 00:20:10.705  INFO 17523 --- [    Test worker] p6spy                                    : #1633965610704 | took 0ms | statement | connection 8| url jdbc:h2:mem:56faea40-be59-4f33-bb46-814df2cc0c7a
select member0_.member_id as member_i1_4_, member0_.city as city2_4_, member0_.street as street3_4_, member0_.zipcode as zipcode4_4_, member0_.name as name5_4_ from member member0_ where member0_.name=?
select member0_.member_id as member_i1_4_, member0_.city as city2_4_, member0_.street as street3_4_, member0_.zipcode as zipcode4_4_, member0_.name as name5_4_ from member member0_ where member0_.name='hwang';
2021-10-12 00:20:10.707  INFO 17523 --- [    Test worker] p6spy                                    : #1633965610707 | took 0ms | rollback | connection 8| url jdbc:h2:mem:56faea40-be59-4f33-bb46-814df2cc0c7a

;
2021-10-12 00:20:10.708  INFO 17523 --- [    Test worker] o.s.t.c.transaction.TransactionContext   : Rolled back transaction for test: [DefaultTestContext@7a2a5551 testClass = MemberServiceTest, testInstance = jpabook.jpashop.service.MemberServiceTest@1478784e, testMethod = 중복_회원_가입@MemberServiceTest, testException = [null], mergedContextConfiguration = [WebMergedContextConfiguration@74549c30 testClass = MemberServiceTest, locations = '{}', classes = '{class jpabook.jpashop.JpashopApplication}', contextInitializerClasses = '[]', activeProfiles = '{}', propertySourceLocations = '{}', propertySourceProperties = '{org.springframework.boot.test.context.SpringBootTestContextBootstrapper=true}', contextCustomizers = set[org.springframework.boot.test.autoconfigure.actuate.metrics.MetricsExportContextCustomizerFactory$DisableMetricExportContextCustomizer@61635ea1, org.springframework.boot.test.autoconfigure.properties.PropertyMappingContextCustomizer@0, org.springframework.boot.test.autoconfigure.web.servlet.WebDriverContextCustomizerFactory$Customizer@5e0eb484, org.springframework.boot.test.context.filter.ExcludeFilterContextCustomizer@2e3d8999, org.springframework.boot.test.json.DuplicateJsonObjectContextCustomizerFactory$DuplicateJsonObjectContextCustomizer@23013051, org.springframework.boot.test.mock.mockito.MockitoContextCustomizer@0, org.springframework.boot.test.web.client.TestRestTemplateContextCustomizer@781d79ee, org.springframework.boot.test.context.SpringBootTestArgs@1, org.springframework.boot.test.context.SpringBootTestWebEnvironment@1d3ca2d9], resourceBasePath = 'src/main/webapp', contextLoader = 'org.springframework.boot.test.context.SpringBootContextLoader', parent = [null]], attributes = map['org.springframework.test.context.web.ServletTestExecutionListener.activateListener' -> true, 'org.springframework.test.context.web.ServletTestExecutionListener.populatedRequestContextHolder' -> true, 'org.springframework.test.context.web.ServletTestExecutionListener.resetRequestContextHolder' -> true, 'org.springframework.test.context.event.ApplicationEventsTestExecutionListener.recordApplicationEvents' -> false]]
2021-10-12 00:20:10.709  INFO 17523 --- [    Test worker] o.s.t.c.transaction.TransactionContext   : Began transaction (1) for test context [DefaultTestContext@7a2a5551 testClass = MemberServiceTest, testInstance = jpabook.jpashop.service.MemberServiceTest@2febddc4, testMethod = 회원가입@MemberServiceTest, testException = [null], mergedContextConfiguration = [WebMergedContextConfiguration@74549c30 testClass = MemberServiceTest, locations = '{}', classes = '{class jpabook.jpashop.JpashopApplication}', contextInitializerClasses = '[]', activeProfiles = '{}', propertySourceLocations = '{}', propertySourceProperties = '{org.springframework.boot.test.context.SpringBootTestContextBootstrapper=true}', contextCustomizers = set[org.springframework.boot.test.autoconfigure.actuate.metrics.MetricsExportContextCustomizerFactory$DisableMetricExportContextCustomizer@61635ea1, org.springframework.boot.test.autoconfigure.properties.PropertyMappingContextCustomizer@0, org.springframework.boot.test.autoconfigure.web.servlet.WebDriverContextCustomizerFactory$Customizer@5e0eb484, org.springframework.boot.test.context.filter.ExcludeFilterContextCustomizer@2e3d8999, org.springframework.boot.test.json.DuplicateJsonObjectContextCustomizerFactory$DuplicateJsonObjectContextCustomizer@23013051, org.springframework.boot.test.mock.mockito.MockitoContextCustomizer@0, org.springframework.boot.test.web.client.TestRestTemplateContextCustomizer@781d79ee, org.springframework.boot.test.context.SpringBootTestArgs@1, org.springframework.boot.test.context.SpringBootTestWebEnvironment@1d3ca2d9], resourceBasePath = 'src/main/webapp', contextLoader = 'org.springframework.boot.test.context.SpringBootContextLoader', parent = [null]], attributes = map['org.springframework.test.context.web.ServletTestExecutionListener.activateListener' -> true, 'org.springframework.test.context.web.ServletTestExecutionListener.populatedRequestContextHolder' -> true, 'org.springframework.test.context.web.ServletTestExecutionListener.resetRequestContextHolder' -> true, 'org.springframework.test.context.event.ApplicationEventsTestExecutionListener.recordApplicationEvents' -> false]]; transaction manager [org.springframework.orm.jpa.JpaTransactionManager@1f94acec]; rollback [true]
2021-10-12 00:20:10.710 DEBUG 17523 --- [    Test worker] org.hibernate.SQL                        : select member0_.member_id as member_i1_4_, member0_.city as city2_4_, member0_.street as street3_4_, member0_.zipcode as zipcode4_4_, member0_.name as name5_4_ from member member0_ where member0_.name=?
2021-10-12 00:20:10.711  INFO 17523 --- [    Test worker] p6spy                                    : #1633965610711 | took 0ms | statement | connection 9| url jdbc:h2:mem:56faea40-be59-4f33-bb46-814df2cc0c7a
select member0_.member_id as member_i1_4_, member0_.city as city2_4_, member0_.street as street3_4_, member0_.zipcode as zipcode4_4_, member0_.name as name5_4_ from member member0_ where member0_.name=?
select member0_.member_id as member_i1_4_, member0_.city as city2_4_, member0_.street as street3_4_, member0_.zipcode as zipcode4_4_, member0_.name as name5_4_ from member member0_ where member0_.name='hwang';
2021-10-12 00:20:10.712 DEBUG 17523 --- [    Test worker] org.hibernate.SQL                        : insert into member (member_id, city, street, zipcode, name) values (null, ?, ?, ?, ?)
2021-10-12 00:20:10.712  INFO 17523 --- [    Test worker] p6spy                                    : #1633965610712 | took 0ms | statement | connection 9| url jdbc:h2:mem:56faea40-be59-4f33-bb46-814df2cc0c7a
insert into member (member_id, city, street, zipcode, name) values (null, ?, ?, ?, ?)
insert into member (member_id, city, street, zipcode, name) values (null, NULL, NULL, NULL, 'hwang');
2021-10-12 00:20:10.714  INFO 17523 --- [    Test worker] p6spy                                    : #1633965610714 | took 0ms | rollback | connection 9| url jdbc:h2:mem:56faea40-be59-4f33-bb46-814df2cc0c7a

;
2021-10-12 00:20:10.714  INFO 17523 --- [    Test worker] o.s.t.c.transaction.TransactionContext   : Rolled back transaction for test: [DefaultTestContext@7a2a5551 testClass = MemberServiceTest, testInstance = jpabook.jpashop.service.MemberServiceTest@2febddc4, testMethod = 회원가입@MemberServiceTest, testException = [null], mergedContextConfiguration = [WebMergedContextConfiguration@74549c30 testClass = MemberServiceTest, locations = '{}', classes = '{class jpabook.jpashop.JpashopApplication}', contextInitializerClasses = '[]', activeProfiles = '{}', propertySourceLocations = '{}', propertySourceProperties = '{org.springframework.boot.test.context.SpringBootTestContextBootstrapper=true}', contextCustomizers = set[org.springframework.boot.test.autoconfigure.actuate.metrics.MetricsExportContextCustomizerFactory$DisableMetricExportContextCustomizer@61635ea1, org.springframework.boot.test.autoconfigure.properties.PropertyMappingContextCustomizer@0, org.springframework.boot.test.autoconfigure.web.servlet.WebDriverContextCustomizerFactory$Customizer@5e0eb484, org.springframework.boot.test.context.filter.ExcludeFilterContextCustomizer@2e3d8999, org.springframework.boot.test.json.DuplicateJsonObjectContextCustomizerFactory$DuplicateJsonObjectContextCustomizer@23013051, org.springframework.boot.test.mock.mockito.MockitoContextCustomizer@0, org.springframework.boot.test.web.client.TestRestTemplateContextCustomizer@781d79ee, org.springframework.boot.test.context.SpringBootTestArgs@1, org.springframework.boot.test.context.SpringBootTestWebEnvironment@1d3ca2d9], resourceBasePath = 'src/main/webapp', contextLoader = 'org.springframework.boot.test.context.SpringBootContextLoader', parent = [null]], attributes = map['org.springframework.test.context.web.ServletTestExecutionListener.activateListener' -> true, 'org.springframework.test.context.web.ServletTestExecutionListener.populatedRequestContextHolder' -> true, 'org.springframework.test.context.web.ServletTestExecutionListener.resetRequestContextHolder' -> true, 'org.springframework.test.context.event.ApplicationEventsTestExecutionListener.recordApplicationEvents' -> false]]
]]></system-out>
  <system-err><![CDATA[]]></system-err>
</testsuite>
