<?xml version="1.0" encoding="UTF-8"?>
<testsuite name="jpabook.jpashop.JpashopApplicationTests" tests="1" skipped="0" failures="0" errors="0" timestamp="2021-10-11T15:20:10" hostname="Jisooui-MacBookPro.local" time="0.082">
  <properties/>
  <testcase name="contextLoads()" classname="jpabook.jpashop.JpashopApplicationTests" time="0.082"/>
  <system-out><![CDATA[00:20:06.424 [Test worker] DEBUG org.springframework.test.context.BootstrapUtils - Instantiating CacheAwareContextLoaderDelegate from class [org.springframework.test.context.cache.DefaultCacheAwareContextLoaderDelegate]
00:20:06.425 [Test worker] DEBUG org.springframework.test.context.BootstrapUtils - Instantiating BootstrapContext using constructor [public org.springframework.test.context.support.DefaultBootstrapContext(java.lang.Class,org.springframework.test.context.CacheAwareContextLoaderDelegate)]
00:20:06.426 [Test worker] DEBUG org.springframework.test.context.BootstrapUtils - Instantiating TestContextBootstrapper for test class [jpabook.jpashop.JpashopApplicationTests] from class [org.springframework.boot.test.context.SpringBootTestContextBootstrapper]
00:20:06.427 [Test worker] INFO org.springframework.boot.test.context.SpringBootTestContextBootstrapper - Neither @ContextConfiguration nor @ContextHierarchy found for test class [jpabook.jpashop.JpashopApplicationTests], using SpringBootContextLoader
00:20:06.428 [Test worker] DEBUG org.springframework.test.context.support.AbstractContextLoader - Did not detect default resource location for test class [jpabook.jpashop.JpashopApplicationTests]: class path resource [jpabook/jpashop/JpashopApplicationTests-context.xml] does not exist
00:20:06.430 [Test worker] DEBUG org.springframework.test.context.support.AbstractContextLoader - Did not detect default resource location for test class [jpabook.jpashop.JpashopApplicationTests]: class path resource [jpabook/jpashop/JpashopApplicationTestsContext.groovy] does not exist
00:20:06.430 [Test worker] INFO org.springframework.test.context.support.AbstractContextLoader - Could not detect default resource locations for test class [jpabook.jpashop.JpashopApplicationTests]: no resource found for suffixes {-context.xml, Context.groovy}.
00:20:06.430 [Test worker] INFO org.springframework.test.context.support.AnnotationConfigContextLoaderUtils - Could not detect default configuration classes for test class [jpabook.jpashop.JpashopApplicationTests]: JpashopApplicationTests does not declare any static, non-private, non-final, nested classes annotated with @Configuration.
00:20:06.433 [Test worker] DEBUG org.springframework.test.context.support.ActiveProfilesUtils - Could not find an 'annotation declaring class' for annotation type [org.springframework.test.context.ActiveProfiles] and class [jpabook.jpashop.JpashopApplicationTests]
00:20:06.436 [Test worker] DEBUG org.springframework.context.annotation.ClassPathScanningCandidateComponentProvider - Identified candidate component class: file [/Users/earth/Documents/git/earth-github-action-test/build/classes/java/main/jpabook/jpashop/JpashopApplication.class]
00:20:06.436 [Test worker] INFO org.springframework.boot.test.context.SpringBootTestContextBootstrapper - Found @SpringBootConfiguration jpabook.jpashop.JpashopApplication for test class jpabook.jpashop.JpashopApplicationTests
00:20:06.439 [Test worker] DEBUG org.springframework.boot.test.context.SpringBootTestContextBootstrapper - @TestExecutionListeners is not present for class [jpabook.jpashop.JpashopApplicationTests]: using defaults.
00:20:06.440 [Test worker] INFO org.springframework.boot.test.context.SpringBootTestContextBootstrapper - Loaded default TestExecutionListener class names from location [META-INF/spring.factories]: [org.springframework.boot.test.autoconfigure.restdocs.RestDocsTestExecutionListener, org.springframework.boot.test.autoconfigure.web.client.MockRestServiceServerResetTestExecutionListener, org.springframework.boot.test.autoconfigure.web.servlet.MockMvcPrintOnlyOnFailureTestExecutionListener, org.springframework.boot.test.autoconfigure.web.servlet.WebDriverTestExecutionListener, org.springframework.boot.test.autoconfigure.webservices.client.MockWebServiceServerTestExecutionListener, org.springframework.boot.test.mock.mockito.MockitoTestExecutionListener, org.springframework.boot.test.mock.mockito.ResetMocksTestExecutionListener, org.springframework.test.context.web.ServletTestExecutionListener, org.springframework.test.context.support.DirtiesContextBeforeModesTestExecutionListener, org.springframework.test.context.event.ApplicationEventsTestExecutionListener, org.springframework.test.context.support.DependencyInjectionTestExecutionListener, org.springframework.test.context.support.DirtiesContextTestExecutionListener, org.springframework.test.context.transaction.TransactionalTestExecutionListener, org.springframework.test.context.jdbc.SqlScriptsTestExecutionListener, org.springframework.test.context.event.EventPublishingTestExecutionListener]
00:20:06.440 [Test worker] INFO org.springframework.boot.test.context.SpringBootTestContextBootstrapper - Using TestExecutionListeners: [org.springframework.test.context.web.ServletTestExecutionListener@15f6e5, org.springframework.test.context.support.DirtiesContextBeforeModesTestExecutionListener@34b1c9b, org.springframework.test.context.event.ApplicationEventsTestExecutionListener@2161aaf0, org.springframework.boot.test.mock.mockito.MockitoTestExecutionListener@547b3115, org.springframework.boot.test.autoconfigure.SpringBootDependencyInjectionTestExecutionListener@7bf647a1, org.springframework.test.context.support.DirtiesContextTestExecutionListener@20022380, org.springframework.test.context.transaction.TransactionalTestExecutionListener@c183b5a, org.springframework.test.context.jdbc.SqlScriptsTestExecutionListener@1665055, org.springframework.test.context.event.EventPublishingTestExecutionListener@4864c497, org.springframework.boot.test.autoconfigure.restdocs.RestDocsTestExecutionListener@794bf038, org.springframework.boot.test.autoconfigure.web.client.MockRestServiceServerResetTestExecutionListener@3444d6a0, org.springframework.boot.test.autoconfigure.web.servlet.MockMvcPrintOnlyOnFailureTestExecutionListener@713dc85, org.springframework.boot.test.autoconfigure.web.servlet.WebDriverTestExecutionListener@693de08c, org.springframework.boot.test.autoconfigure.webservices.client.MockWebServiceServerTestExecutionListener@4fd117a3, org.springframework.boot.test.mock.mockito.ResetMocksTestExecutionListener@5db2392f]
00:20:06.444 [Test worker] DEBUG org.springframework.test.context.support.AbstractDirtiesContextTestExecutionListener - Before test class: context [DefaultTestContext@5d092947 testClass = JpashopApplicationTests, testInstance = [null], testMethod = [null], testException = [null], mergedContextConfiguration = [WebMergedContextConfiguration@46ca0808 testClass = JpashopApplicationTests, locations = '{}', classes = '{class jpabook.jpashop.JpashopApplication}', contextInitializerClasses = '[]', activeProfiles = '{}', propertySourceLocations = '{}', propertySourceProperties = '{org.springframework.boot.test.context.SpringBootTestContextBootstrapper=true}', contextCustomizers = set[org.springframework.boot.test.autoconfigure.actuate.metrics.MetricsExportContextCustomizerFactory$DisableMetricExportContextCustomizer@61635ea1, org.springframework.boot.test.autoconfigure.properties.PropertyMappingContextCustomizer@0, org.springframework.boot.test.autoconfigure.web.servlet.WebDriverContextCustomizerFactory$Customizer@5e0eb484, org.springframework.boot.test.context.filter.ExcludeFilterContextCustomizer@2e3d8999, org.springframework.boot.test.json.DuplicateJsonObjectContextCustomizerFactory$DuplicateJsonObjectContextCustomizer@23013051, org.springframework.boot.test.mock.mockito.MockitoContextCustomizer@0, org.springframework.boot.test.web.client.TestRestTemplateContextCustomizer@781d79ee, org.springframework.boot.test.context.SpringBootTestArgs@1, org.springframework.boot.test.context.SpringBootTestWebEnvironment@1d3ca2d9], resourceBasePath = 'src/main/webapp', contextLoader = 'org.springframework.boot.test.context.SpringBootContextLoader', parent = [null]], attributes = map['org.springframework.test.context.web.ServletTestExecutionListener.activateListener' -> true]], class annotated with @DirtiesContext [false] with mode [null].
00:20:06.474 [Test worker] DEBUG org.springframework.test.context.support.TestPropertySourceUtils - Adding inlined properties to environment: {spring.jmx.enabled=false, org.springframework.boot.test.context.SpringBootTestContextBootstrapper=true}

  .   ____          _            __ _ _
 /\\ / ___'_ __ _ _(_)_ __  __ _ \ \ \ \
( ( )\___ | '_ | '_| | '_ \/ _` | \ \ \ \
 \\/  ___)| |_)| | | | | || (_| |  ) ) ) )
  '  |____| .__|_| |_|_| |_\__, | / / / /
 =========|_|==============|___/=/_/_/_/
 :: Spring Boot ::               (v2.4.10)

2021-10-12 00:20:06.847  INFO 17523 --- [    Test worker] jpabook.jpashop.JpashopApplicationTests  : Starting JpashopApplicationTests using Java 11.0.9.1 on Jisooui-MacBookPro.local with PID 17523 (started by earth in /Users/earth/Documents/git/earth-github-action-test)
2021-10-12 00:20:06.851  INFO 17523 --- [    Test worker] jpabook.jpashop.JpashopApplicationTests  : No active profile set, falling back to default profiles: default
2021-10-12 00:20:07.544  INFO 17523 --- [    Test worker] .s.d.r.c.RepositoryConfigurationDelegate : Bootstrapping Spring Data JPA repositories in DEFAULT mode.
2021-10-12 00:20:07.562  INFO 17523 --- [    Test worker] .s.d.r.c.RepositoryConfigurationDelegate : Finished Spring Data repository scanning in 9 ms. Found 0 JPA repository interfaces.
2021-10-12 00:20:08.188  INFO 17523 --- [    Test worker] com.zaxxer.hikari.HikariDataSource       : HikariPool-1 - Starting...
2021-10-12 00:20:08.389  INFO 17523 --- [    Test worker] com.zaxxer.hikari.HikariDataSource       : HikariPool-1 - Start completed.
2021-10-12 00:20:08.483  INFO 17523 --- [    Test worker] o.hibernate.jpa.internal.util.LogHelper  : HHH000204: Processing PersistenceUnitInfo [name: default]
2021-10-12 00:20:08.538  INFO 17523 --- [    Test worker] org.hibernate.Version                    : HHH000412: Hibernate ORM core version 5.4.32.Final
2021-10-12 00:20:08.694  INFO 17523 --- [    Test worker] o.hibernate.annotations.common.Version   : HCANN000001: Hibernate Commons Annotations {5.1.2.Final}
2021-10-12 00:20:08.831  INFO 17523 --- [    Test worker] org.hibernate.dialect.Dialect            : HHH000400: Using dialect: org.hibernate.dialect.H2Dialect
2021-10-12 00:20:09.541 DEBUG 17523 --- [    Test worker] org.hibernate.SQL                        : drop table if exists category CASCADE 
2021-10-12 00:20:09.543  INFO 17523 --- [    Test worker] p6spy                                    : #1633965609543 | took 0ms | statement | connection 2| url jdbc:h2:mem:56faea40-be59-4f33-bb46-814df2cc0c7a
drop table if exists category CASCADE 
drop table if exists category CASCADE ;
2021-10-12 00:20:09.544 DEBUG 17523 --- [    Test worker] org.hibernate.SQL                        : drop table if exists category_item CASCADE 
2021-10-12 00:20:09.544  INFO 17523 --- [    Test worker] p6spy                                    : #1633965609544 | took 0ms | statement | connection 2| url jdbc:h2:mem:56faea40-be59-4f33-bb46-814df2cc0c7a
drop table if exists category_item CASCADE 
drop table if exists category_item CASCADE ;
2021-10-12 00:20:09.544 DEBUG 17523 --- [    Test worker] org.hibernate.SQL                        : drop table if exists delivery CASCADE 
2021-10-12 00:20:09.544  INFO 17523 --- [    Test worker] p6spy                                    : #1633965609544 | took 0ms | statement | connection 2| url jdbc:h2:mem:56faea40-be59-4f33-bb46-814df2cc0c7a
drop table if exists delivery CASCADE 
drop table if exists delivery CASCADE ;
2021-10-12 00:20:09.545 DEBUG 17523 --- [    Test worker] org.hibernate.SQL                        : drop table if exists item CASCADE 
2021-10-12 00:20:09.545  INFO 17523 --- [    Test worker] p6spy                                    : #1633965609545 | took 0ms | statement | connection 2| url jdbc:h2:mem:56faea40-be59-4f33-bb46-814df2cc0c7a
drop table if exists item CASCADE 
drop table if exists item CASCADE ;
2021-10-12 00:20:09.545 DEBUG 17523 --- [    Test worker] org.hibernate.SQL                        : drop table if exists member CASCADE 
2021-10-12 00:20:09.545  INFO 17523 --- [    Test worker] p6spy                                    : #1633965609545 | took 0ms | statement | connection 2| url jdbc:h2:mem:56faea40-be59-4f33-bb46-814df2cc0c7a
drop table if exists member CASCADE 
drop table if exists member CASCADE ;
2021-10-12 00:20:09.545 DEBUG 17523 --- [    Test worker] org.hibernate.SQL                        : drop table if exists order_item CASCADE 
2021-10-12 00:20:09.546  INFO 17523 --- [    Test worker] p6spy                                    : #1633965609546 | took 0ms | statement | connection 2| url jdbc:h2:mem:56faea40-be59-4f33-bb46-814df2cc0c7a
drop table if exists order_item CASCADE 
drop table if exists order_item CASCADE ;
2021-10-12 00:20:09.546 DEBUG 17523 --- [    Test worker] org.hibernate.SQL                        : drop table if exists orders CASCADE 
2021-10-12 00:20:09.546  INFO 17523 --- [    Test worker] p6spy                                    : #1633965609546 | took 0ms | statement | connection 2| url jdbc:h2:mem:56faea40-be59-4f33-bb46-814df2cc0c7a
drop table if exists orders CASCADE 
drop table if exists orders CASCADE ;
2021-10-12 00:20:09.548 DEBUG 17523 --- [    Test worker] org.hibernate.SQL                        : create table category (category_id bigint generated by default as identity, name varchar(255), parent_id bigint, primary key (category_id))
2021-10-12 00:20:09.555  INFO 17523 --- [    Test worker] p6spy                                    : #1633965609555 | took 6ms | statement | connection 3| url jdbc:h2:mem:56faea40-be59-4f33-bb46-814df2cc0c7a
create table category (category_id bigint generated by default as identity, name varchar(255), parent_id bigint, primary key (category_id))
create table category (category_id bigint generated by default as identity, name varchar(255), parent_id bigint, primary key (category_id));
2021-10-12 00:20:09.555 DEBUG 17523 --- [    Test worker] org.hibernate.SQL                        : create table category_item (cateogory_id bigint not null, item_id bigint not null)
2021-10-12 00:20:09.555  INFO 17523 --- [    Test worker] p6spy                                    : #1633965609555 | took 0ms | statement | connection 3| url jdbc:h2:mem:56faea40-be59-4f33-bb46-814df2cc0c7a
create table category_item (cateogory_id bigint not null, item_id bigint not null)
create table category_item (cateogory_id bigint not null, item_id bigint not null);
2021-10-12 00:20:09.556 DEBUG 17523 --- [    Test worker] org.hibernate.SQL                        : create table delivery (delivery_id bigint generated by default as identity, city varchar(255), street varchar(255), zipcode varchar(255), status varchar(255), primary key (delivery_id))
2021-10-12 00:20:09.557  INFO 17523 --- [    Test worker] p6spy                                    : #1633965609557 | took 0ms | statement | connection 3| url jdbc:h2:mem:56faea40-be59-4f33-bb46-814df2cc0c7a
create table delivery (delivery_id bigint generated by default as identity, city varchar(255), street varchar(255), zipcode varchar(255), status varchar(255), primary key (delivery_id))
create table delivery (delivery_id bigint generated by default as identity, city varchar(255), street varchar(255), zipcode varchar(255), status varchar(255), primary key (delivery_id));
2021-10-12 00:20:09.557 DEBUG 17523 --- [    Test worker] org.hibernate.SQL                        : create table item (dtype varchar(31) not null, item_id bigint generated by default as identity, name varchar(255), price integer not null, stock_quantity integer not null, artist varchar(255), etc varchar(255), author varchar(255), isbn varchar(255), actor varchar(255), director varchar(255), primary key (item_id))
2021-10-12 00:20:09.558  INFO 17523 --- [    Test worker] p6spy                                    : #1633965609558 | took 0ms | statement | connection 3| url jdbc:h2:mem:56faea40-be59-4f33-bb46-814df2cc0c7a
create table item (dtype varchar(31) not null, item_id bigint generated by default as identity, name varchar(255), price integer not null, stock_quantity integer not null, artist varchar(255), etc varchar(255), author varchar(255), isbn varchar(255), actor varchar(255), director varchar(255), primary key (item_id))
create table item (dtype varchar(31) not null, item_id bigint generated by default as identity, name varchar(255), price integer not null, stock_quantity integer not null, artist varchar(255), etc varchar(255), author varchar(255), isbn varchar(255), actor varchar(255), director varchar(255), primary key (item_id));
2021-10-12 00:20:09.558 DEBUG 17523 --- [    Test worker] org.hibernate.SQL                        : create table member (member_id bigint generated by default as identity, city varchar(255), street varchar(255), zipcode varchar(255), name varchar(255), primary key (member_id))
2021-10-12 00:20:09.560  INFO 17523 --- [    Test worker] p6spy                                    : #1633965609560 | took 1ms | statement | connection 3| url jdbc:h2:mem:56faea40-be59-4f33-bb46-814df2cc0c7a
create table member (member_id bigint generated by default as identity, city varchar(255), street varchar(255), zipcode varchar(255), name varchar(255), primary key (member_id))
create table member (member_id bigint generated by default as identity, city varchar(255), street varchar(255), zipcode varchar(255), name varchar(255), primary key (member_id));
2021-10-12 00:20:09.560 DEBUG 17523 --- [    Test worker] org.hibernate.SQL                        : create table order_item (order_item_id bigint generated by default as identity, count integer not null, order_price integer not null, item_id bigint, order_id bigint, primary key (order_item_id))
2021-10-12 00:20:09.561  INFO 17523 --- [    Test worker] p6spy                                    : #1633965609561 | took 1ms | statement | connection 3| url jdbc:h2:mem:56faea40-be59-4f33-bb46-814df2cc0c7a
create table order_item (order_item_id bigint generated by default as identity, count integer not null, order_price integer not null, item_id bigint, order_id bigint, primary key (order_item_id))
create table order_item (order_item_id bigint generated by default as identity, count integer not null, order_price integer not null, item_id bigint, order_id bigint, primary key (order_item_id));
2021-10-12 00:20:09.562 DEBUG 17523 --- [    Test worker] org.hibernate.SQL                        : create table orders (order_id bigint generated by default as identity, order_date timestamp, status varchar(255), delivery_id bigint, member_id bigint, primary key (order_id))
2021-10-12 00:20:09.563  INFO 17523 --- [    Test worker] p6spy                                    : #1633965609563 | took 1ms | statement | connection 3| url jdbc:h2:mem:56faea40-be59-4f33-bb46-814df2cc0c7a
create table orders (order_id bigint generated by default as identity, order_date timestamp, status varchar(255), delivery_id bigint, member_id bigint, primary key (order_id))
create table orders (order_id bigint generated by default as identity, order_date timestamp, status varchar(255), delivery_id bigint, member_id bigint, primary key (order_id));
2021-10-12 00:20:09.563 DEBUG 17523 --- [    Test worker] org.hibernate.SQL                        : alter table category add constraint FK2y94svpmqttx80mshyny85wqr foreign key (parent_id) references category
2021-10-12 00:20:09.569  INFO 17523 --- [    Test worker] p6spy                                    : #1633965609569 | took 5ms | statement | connection 3| url jdbc:h2:mem:56faea40-be59-4f33-bb46-814df2cc0c7a
alter table category add constraint FK2y94svpmqttx80mshyny85wqr foreign key (parent_id) references category
alter table category add constraint FK2y94svpmqttx80mshyny85wqr foreign key (parent_id) references category;
2021-10-12 00:20:09.570 DEBUG 17523 --- [    Test worker] org.hibernate.SQL                        : alter table category_item add constraint FKu8b4lwqutcdq3363gf6mlujq foreign key (item_id) references item
2021-10-12 00:20:09.571  INFO 17523 --- [    Test worker] p6spy                                    : #1633965609571 | took 1ms | statement | connection 3| url jdbc:h2:mem:56faea40-be59-4f33-bb46-814df2cc0c7a
alter table category_item add constraint FKu8b4lwqutcdq3363gf6mlujq foreign key (item_id) references item
alter table category_item add constraint FKu8b4lwqutcdq3363gf6mlujq foreign key (item_id) references item;
2021-10-12 00:20:09.571 DEBUG 17523 --- [    Test worker] org.hibernate.SQL                        : alter table category_item add constraint FKrdm0ewb92cbqdnuvewtkk5wca foreign key (cateogory_id) references category
2021-10-12 00:20:09.573  INFO 17523 --- [    Test worker] p6spy                                    : #1633965609573 | took 1ms | statement | connection 3| url jdbc:h2:mem:56faea40-be59-4f33-bb46-814df2cc0c7a
alter table category_item add constraint FKrdm0ewb92cbqdnuvewtkk5wca foreign key (cateogory_id) references category
alter table category_item add constraint FKrdm0ewb92cbqdnuvewtkk5wca foreign key (cateogory_id) references category;
2021-10-12 00:20:09.574 DEBUG 17523 --- [    Test worker] org.hibernate.SQL                        : alter table order_item add constraint FKija6hjjiit8dprnmvtvgdp6ru foreign key (item_id) references item
2021-10-12 00:20:09.575  INFO 17523 --- [    Test worker] p6spy                                    : #1633965609575 | took 1ms | statement | connection 3| url jdbc:h2:mem:56faea40-be59-4f33-bb46-814df2cc0c7a
alter table order_item add constraint FKija6hjjiit8dprnmvtvgdp6ru foreign key (item_id) references item
alter table order_item add constraint FKija6hjjiit8dprnmvtvgdp6ru foreign key (item_id) references item;
2021-10-12 00:20:09.576 DEBUG 17523 --- [    Test worker] org.hibernate.SQL                        : alter table order_item add constraint FKt4dc2r9nbvbujrljv3e23iibt foreign key (order_id) references orders
2021-10-12 00:20:09.578  INFO 17523 --- [    Test worker] p6spy                                    : #1633965609578 | took 2ms | statement | connection 3| url jdbc:h2:mem:56faea40-be59-4f33-bb46-814df2cc0c7a
alter table order_item add constraint FKt4dc2r9nbvbujrljv3e23iibt foreign key (order_id) references orders
alter table order_item add constraint FKt4dc2r9nbvbujrljv3e23iibt foreign key (order_id) references orders;
2021-10-12 00:20:09.579 DEBUG 17523 --- [    Test worker] org.hibernate.SQL                        : alter table orders add constraint FKtkrur7wg4d8ax0pwgo0vmy20c foreign key (delivery_id) references delivery
2021-10-12 00:20:09.580  INFO 17523 --- [    Test worker] p6spy                                    : #1633965609580 | took 1ms | statement | connection 3| url jdbc:h2:mem:56faea40-be59-4f33-bb46-814df2cc0c7a
alter table orders add constraint FKtkrur7wg4d8ax0pwgo0vmy20c foreign key (delivery_id) references delivery
alter table orders add constraint FKtkrur7wg4d8ax0pwgo0vmy20c foreign key (delivery_id) references delivery;
2021-10-12 00:20:09.580 DEBUG 17523 --- [    Test worker] org.hibernate.SQL                        : alter table orders add constraint FKpktxwhj3x9m4gth5ff6bkqgeb foreign key (member_id) references member
2021-10-12 00:20:09.582  INFO 17523 --- [    Test worker] p6spy                                    : #1633965609582 | took 1ms | statement | connection 3| url jdbc:h2:mem:56faea40-be59-4f33-bb46-814df2cc0c7a
alter table orders add constraint FKpktxwhj3x9m4gth5ff6bkqgeb foreign key (member_id) references member
alter table orders add constraint FKpktxwhj3x9m4gth5ff6bkqgeb foreign key (member_id) references member;
2021-10-12 00:20:09.584  INFO 17523 --- [    Test worker] o.h.e.t.j.p.i.JtaPlatformInitiator       : HHH000490: Using JtaPlatform implementation: [org.hibernate.engine.transaction.jta.platform.internal.NoJtaPlatform]
2021-10-12 00:20:09.591  INFO 17523 --- [    Test worker] j.LocalContainerEntityManagerFactoryBean : Initialized JPA EntityManagerFactory for persistence unit 'default'
2021-10-12 00:20:09.842  WARN 17523 --- [    Test worker] JpaBaseConfiguration$JpaWebConfiguration : spring.jpa.open-in-view is enabled by default. Therefore, database queries may be performed during view rendering. Explicitly configure spring.jpa.open-in-view to disable this warning
2021-10-12 00:20:10.096  INFO 17523 --- [    Test worker] o.s.b.a.w.s.WelcomePageHandlerMapping    : Adding welcome page: class path resource [static/index.html]
2021-10-12 00:20:10.333  INFO 17523 --- [    Test worker] jpabook.jpashop.JpashopApplicationTests  : Started JpashopApplicationTests in 3.851 seconds (JVM running for 5.072)
]]></system-out>
  <system-err><![CDATA[]]></system-err>
</testsuite>
