<?xml version="1.0" encoding="UTF-8"?>
<testsuite name="jpabook.jpashop.service.OrderServiceTest" tests="3" skipped="0" failures="0" errors="0" timestamp="2021-10-11T15:20:10" hostname="Jisooui-MacBookPro.local" time="0.153">
  <properties/>
  <testcase name="상품주문_재고수량초과" classname="jpabook.jpashop.service.OrderServiceTest" time="0.118"/>
  <testcase name="상품주문" classname="jpabook.jpashop.service.OrderServiceTest" time="0.025"/>
  <testcase name="주문취소" classname="jpabook.jpashop.service.OrderServiceTest" time="0.009"/>
  <system-out><![CDATA[2021-10-12 00:20:10.507  INFO 17523 --- [    Test worker] o.s.t.c.transaction.TransactionContext   : Began transaction (1) for test context [DefaultTestContext@181ddeaf testClass = OrderServiceTest, testInstance = jpabook.jpashop.service.OrderServiceTest@6fd81f39, testMethod = 상품주문_재고수량초과@OrderServiceTest, testException = [null], mergedContextConfiguration = [WebMergedContextConfiguration@28d99e49 testClass = OrderServiceTest, locations = '{}', classes = '{class jpabook.jpashop.JpashopApplication}', contextInitializerClasses = '[]', activeProfiles = '{}', propertySourceLocations = '{}', propertySourceProperties = '{org.springframework.boot.test.context.SpringBootTestContextBootstrapper=true}', contextCustomizers = set[org.springframework.boot.test.autoconfigure.actuate.metrics.MetricsExportContextCustomizerFactory$DisableMetricExportContextCustomizer@61635ea1, org.springframework.boot.test.autoconfigure.properties.PropertyMappingContextCustomizer@0, org.springframework.boot.test.autoconfigure.web.servlet.WebDriverContextCustomizerFactory$Customizer@5e0eb484, org.springframework.boot.test.context.filter.ExcludeFilterContextCustomizer@2e3d8999, org.springframework.boot.test.json.DuplicateJsonObjectContextCustomizerFactory$DuplicateJsonObjectContextCustomizer@23013051, org.springframework.boot.test.mock.mockito.MockitoContextCustomizer@0, org.springframework.boot.test.web.client.TestRestTemplateContextCustomizer@781d79ee, org.springframework.boot.test.context.SpringBootTestArgs@1, org.springframework.boot.test.context.SpringBootTestWebEnvironment@1d3ca2d9], resourceBasePath = 'src/main/webapp', contextLoader = 'org.springframework.boot.test.context.SpringBootContextLoader', parent = [null]], attributes = map['org.springframework.test.context.web.ServletTestExecutionListener.activateListener' -> true, 'org.springframework.test.context.web.ServletTestExecutionListener.populatedRequestContextHolder' -> true, 'org.springframework.test.context.web.ServletTestExecutionListener.resetRequestContextHolder' -> true, 'org.springframework.test.context.event.ApplicationEventsTestExecutionListener.recordApplicationEvents' -> false]]; transaction manager [org.springframework.orm.jpa.JpaTransactionManager@1f94acec]; rollback [true]
2021-10-12 00:20:10.534 DEBUG 17523 --- [    Test worker] org.hibernate.SQL                        : insert into member (member_id, city, street, zipcode, name) values (null, ?, ?, ?, ?)
2021-10-12 00:20:10.540  INFO 17523 --- [    Test worker] p6spy                                    : #1633965610540 | took 1ms | statement | connection 5| url jdbc:h2:mem:56faea40-be59-4f33-bb46-814df2cc0c7a
insert into member (member_id, city, street, zipcode, name) values (null, ?, ?, ?, ?)
insert into member (member_id, city, street, zipcode, name) values (null, '서울', '강가', '123-123', '회원1');
2021-10-12 00:20:10.545 DEBUG 17523 --- [    Test worker] org.hibernate.SQL                        : insert into item (item_id, name, price, stock_quantity, author, isbn, dtype) values (null, ?, ?, ?, ?, ?, 'B')
2021-10-12 00:20:10.546  INFO 17523 --- [    Test worker] p6spy                                    : #1633965610546 | took 0ms | statement | connection 5| url jdbc:h2:mem:56faea40-be59-4f33-bb46-814df2cc0c7a
insert into item (item_id, name, price, stock_quantity, author, isbn, dtype) values (null, ?, ?, ?, ?, ?, 'B')
insert into item (item_id, name, price, stock_quantity, author, isbn, dtype) values (null, '시골 JPA', 10000, 10, NULL, NULL, 'B');
2021-10-12 00:20:10.565  INFO 17523 --- [    Test worker] p6spy                                    : #1633965610565 | took 0ms | rollback | connection 5| url jdbc:h2:mem:56faea40-be59-4f33-bb46-814df2cc0c7a

;
2021-10-12 00:20:10.567  INFO 17523 --- [    Test worker] o.s.t.c.transaction.TransactionContext   : Rolled back transaction for test: [DefaultTestContext@181ddeaf testClass = OrderServiceTest, testInstance = jpabook.jpashop.service.OrderServiceTest@6fd81f39, testMethod = 상품주문_재고수량초과@OrderServiceTest, testException = [null], mergedContextConfiguration = [WebMergedContextConfiguration@28d99e49 testClass = OrderServiceTest, locations = '{}', classes = '{class jpabook.jpashop.JpashopApplication}', contextInitializerClasses = '[]', activeProfiles = '{}', propertySourceLocations = '{}', propertySourceProperties = '{org.springframework.boot.test.context.SpringBootTestContextBootstrapper=true}', contextCustomizers = set[org.springframework.boot.test.autoconfigure.actuate.metrics.MetricsExportContextCustomizerFactory$DisableMetricExportContextCustomizer@61635ea1, org.springframework.boot.test.autoconfigure.properties.PropertyMappingContextCustomizer@0, org.springframework.boot.test.autoconfigure.web.servlet.WebDriverContextCustomizerFactory$Customizer@5e0eb484, org.springframework.boot.test.context.filter.ExcludeFilterContextCustomizer@2e3d8999, org.springframework.boot.test.json.DuplicateJsonObjectContextCustomizerFactory$DuplicateJsonObjectContextCustomizer@23013051, org.springframework.boot.test.mock.mockito.MockitoContextCustomizer@0, org.springframework.boot.test.web.client.TestRestTemplateContextCustomizer@781d79ee, org.springframework.boot.test.context.SpringBootTestArgs@1, org.springframework.boot.test.context.SpringBootTestWebEnvironment@1d3ca2d9], resourceBasePath = 'src/main/webapp', contextLoader = 'org.springframework.boot.test.context.SpringBootContextLoader', parent = [null]], attributes = map['org.springframework.test.context.web.ServletTestExecutionListener.activateListener' -> true, 'org.springframework.test.context.web.ServletTestExecutionListener.populatedRequestContextHolder' -> true, 'org.springframework.test.context.web.ServletTestExecutionListener.resetRequestContextHolder' -> true, 'org.springframework.test.context.event.ApplicationEventsTestExecutionListener.recordApplicationEvents' -> false]]
2021-10-12 00:20:10.570  INFO 17523 --- [    Test worker] o.s.t.c.transaction.TransactionContext   : Began transaction (1) for test context [DefaultTestContext@181ddeaf testClass = OrderServiceTest, testInstance = jpabook.jpashop.service.OrderServiceTest@49841e58, testMethod = 상품주문@OrderServiceTest, testException = [null], mergedContextConfiguration = [WebMergedContextConfiguration@28d99e49 testClass = OrderServiceTest, locations = '{}', classes = '{class jpabook.jpashop.JpashopApplication}', contextInitializerClasses = '[]', activeProfiles = '{}', propertySourceLocations = '{}', propertySourceProperties = '{org.springframework.boot.test.context.SpringBootTestContextBootstrapper=true}', contextCustomizers = set[org.springframework.boot.test.autoconfigure.actuate.metrics.MetricsExportContextCustomizerFactory$DisableMetricExportContextCustomizer@61635ea1, org.springframework.boot.test.autoconfigure.properties.PropertyMappingContextCustomizer@0, org.springframework.boot.test.autoconfigure.web.servlet.WebDriverContextCustomizerFactory$Customizer@5e0eb484, org.springframework.boot.test.context.filter.ExcludeFilterContextCustomizer@2e3d8999, org.springframework.boot.test.json.DuplicateJsonObjectContextCustomizerFactory$DuplicateJsonObjectContextCustomizer@23013051, org.springframework.boot.test.mock.mockito.MockitoContextCustomizer@0, org.springframework.boot.test.web.client.TestRestTemplateContextCustomizer@781d79ee, org.springframework.boot.test.context.SpringBootTestArgs@1, org.springframework.boot.test.context.SpringBootTestWebEnvironment@1d3ca2d9], resourceBasePath = 'src/main/webapp', contextLoader = 'org.springframework.boot.test.context.SpringBootContextLoader', parent = [null]], attributes = map['org.springframework.test.context.web.ServletTestExecutionListener.activateListener' -> true, 'org.springframework.test.context.web.ServletTestExecutionListener.populatedRequestContextHolder' -> true, 'org.springframework.test.context.web.ServletTestExecutionListener.resetRequestContextHolder' -> true, 'org.springframework.test.context.event.ApplicationEventsTestExecutionListener.recordApplicationEvents' -> false]]; transaction manager [org.springframework.orm.jpa.JpaTransactionManager@1f94acec]; rollback [true]
2021-10-12 00:20:10.571 DEBUG 17523 --- [    Test worker] org.hibernate.SQL                        : insert into member (member_id, city, street, zipcode, name) values (null, ?, ?, ?, ?)
2021-10-12 00:20:10.572  INFO 17523 --- [    Test worker] p6spy                                    : #1633965610572 | took 0ms | statement | connection 6| url jdbc:h2:mem:56faea40-be59-4f33-bb46-814df2cc0c7a
insert into member (member_id, city, street, zipcode, name) values (null, ?, ?, ?, ?)
insert into member (member_id, city, street, zipcode, name) values (null, '서울', '강가', '123-123', '회원1');
2021-10-12 00:20:10.573 DEBUG 17523 --- [    Test worker] org.hibernate.SQL                        : insert into item (item_id, name, price, stock_quantity, author, isbn, dtype) values (null, ?, ?, ?, ?, ?, 'B')
2021-10-12 00:20:10.573  INFO 17523 --- [    Test worker] p6spy                                    : #1633965610573 | took 0ms | statement | connection 6| url jdbc:h2:mem:56faea40-be59-4f33-bb46-814df2cc0c7a
insert into item (item_id, name, price, stock_quantity, author, isbn, dtype) values (null, ?, ?, ?, ?, ?, 'B')
insert into item (item_id, name, price, stock_quantity, author, isbn, dtype) values (null, '시골 JPA', 10000, 10, NULL, NULL, 'B');
2021-10-12 00:20:10.580 DEBUG 17523 --- [    Test worker] org.hibernate.SQL                        : insert into delivery (delivery_id, city, street, zipcode, status) values (null, ?, ?, ?, ?)
2021-10-12 00:20:10.581  INFO 17523 --- [    Test worker] p6spy                                    : #1633965610581 | took 0ms | statement | connection 6| url jdbc:h2:mem:56faea40-be59-4f33-bb46-814df2cc0c7a
insert into delivery (delivery_id, city, street, zipcode, status) values (null, ?, ?, ?, ?)
insert into delivery (delivery_id, city, street, zipcode, status) values (null, '서울', '강가', '123-123', NULL);
2021-10-12 00:20:10.582 DEBUG 17523 --- [    Test worker] org.hibernate.SQL                        : insert into orders (order_id, delivery_id, member_id, order_date, status) values (null, ?, ?, ?, ?)
2021-10-12 00:20:10.588  INFO 17523 --- [    Test worker] p6spy                                    : #1633965610588 | took 0ms | statement | connection 6| url jdbc:h2:mem:56faea40-be59-4f33-bb46-814df2cc0c7a
insert into orders (order_id, delivery_id, member_id, order_date, status) values (null, ?, ?, ?, ?)
insert into orders (order_id, delivery_id, member_id, order_date, status) values (null, 1, 2, '2021-10-12T00:20:10.577+0900', 'ORDER');
2021-10-12 00:20:10.589 DEBUG 17523 --- [    Test worker] org.hibernate.SQL                        : insert into order_item (order_item_id, count, item_id, order_id, order_price) values (null, ?, ?, ?, ?)
2021-10-12 00:20:10.590  INFO 17523 --- [    Test worker] p6spy                                    : #1633965610590 | took 0ms | statement | connection 6| url jdbc:h2:mem:56faea40-be59-4f33-bb46-814df2cc0c7a
insert into order_item (order_item_id, count, item_id, order_id, order_price) values (null, ?, ?, ?, ?)
insert into order_item (order_item_id, count, item_id, order_id, order_price) values (null, 2, 2, 1, 10000);
getOrder.getOrderItems(): 1
2021-10-12 00:20:10.593  INFO 17523 --- [    Test worker] p6spy                                    : #1633965610593 | took 0ms | rollback | connection 6| url jdbc:h2:mem:56faea40-be59-4f33-bb46-814df2cc0c7a

;
2021-10-12 00:20:10.594  INFO 17523 --- [    Test worker] o.s.t.c.transaction.TransactionContext   : Rolled back transaction for test: [DefaultTestContext@181ddeaf testClass = OrderServiceTest, testInstance = jpabook.jpashop.service.OrderServiceTest@49841e58, testMethod = 상품주문@OrderServiceTest, testException = [null], mergedContextConfiguration = [WebMergedContextConfiguration@28d99e49 testClass = OrderServiceTest, locations = '{}', classes = '{class jpabook.jpashop.JpashopApplication}', contextInitializerClasses = '[]', activeProfiles = '{}', propertySourceLocations = '{}', propertySourceProperties = '{org.springframework.boot.test.context.SpringBootTestContextBootstrapper=true}', contextCustomizers = set[org.springframework.boot.test.autoconfigure.actuate.metrics.MetricsExportContextCustomizerFactory$DisableMetricExportContextCustomizer@61635ea1, org.springframework.boot.test.autoconfigure.properties.PropertyMappingContextCustomizer@0, org.springframework.boot.test.autoconfigure.web.servlet.WebDriverContextCustomizerFactory$Customizer@5e0eb484, org.springframework.boot.test.context.filter.ExcludeFilterContextCustomizer@2e3d8999, org.springframework.boot.test.json.DuplicateJsonObjectContextCustomizerFactory$DuplicateJsonObjectContextCustomizer@23013051, org.springframework.boot.test.mock.mockito.MockitoContextCustomizer@0, org.springframework.boot.test.web.client.TestRestTemplateContextCustomizer@781d79ee, org.springframework.boot.test.context.SpringBootTestArgs@1, org.springframework.boot.test.context.SpringBootTestWebEnvironment@1d3ca2d9], resourceBasePath = 'src/main/webapp', contextLoader = 'org.springframework.boot.test.context.SpringBootContextLoader', parent = [null]], attributes = map['org.springframework.test.context.web.ServletTestExecutionListener.activateListener' -> true, 'org.springframework.test.context.web.ServletTestExecutionListener.populatedRequestContextHolder' -> true, 'org.springframework.test.context.web.ServletTestExecutionListener.resetRequestContextHolder' -> true, 'org.springframework.test.context.event.ApplicationEventsTestExecutionListener.recordApplicationEvents' -> false]]
2021-10-12 00:20:10.595  INFO 17523 --- [    Test worker] o.s.t.c.transaction.TransactionContext   : Began transaction (1) for test context [DefaultTestContext@181ddeaf testClass = OrderServiceTest, testInstance = jpabook.jpashop.service.OrderServiceTest@3ce6c2ec, testMethod = 주문취소@OrderServiceTest, testException = [null], mergedContextConfiguration = [WebMergedContextConfiguration@28d99e49 testClass = OrderServiceTest, locations = '{}', classes = '{class jpabook.jpashop.JpashopApplication}', contextInitializerClasses = '[]', activeProfiles = '{}', propertySourceLocations = '{}', propertySourceProperties = '{org.springframework.boot.test.context.SpringBootTestContextBootstrapper=true}', contextCustomizers = set[org.springframework.boot.test.autoconfigure.actuate.metrics.MetricsExportContextCustomizerFactory$DisableMetricExportContextCustomizer@61635ea1, org.springframework.boot.test.autoconfigure.properties.PropertyMappingContextCustomizer@0, org.springframework.boot.test.autoconfigure.web.servlet.WebDriverContextCustomizerFactory$Customizer@5e0eb484, org.springframework.boot.test.context.filter.ExcludeFilterContextCustomizer@2e3d8999, org.springframework.boot.test.json.DuplicateJsonObjectContextCustomizerFactory$DuplicateJsonObjectContextCustomizer@23013051, org.springframework.boot.test.mock.mockito.MockitoContextCustomizer@0, org.springframework.boot.test.web.client.TestRestTemplateContextCustomizer@781d79ee, org.springframework.boot.test.context.SpringBootTestArgs@1, org.springframework.boot.test.context.SpringBootTestWebEnvironment@1d3ca2d9], resourceBasePath = 'src/main/webapp', contextLoader = 'org.springframework.boot.test.context.SpringBootContextLoader', parent = [null]], attributes = map['org.springframework.test.context.web.ServletTestExecutionListener.activateListener' -> true, 'org.springframework.test.context.web.ServletTestExecutionListener.populatedRequestContextHolder' -> true, 'org.springframework.test.context.web.ServletTestExecutionListener.resetRequestContextHolder' -> true, 'org.springframework.test.context.event.ApplicationEventsTestExecutionListener.recordApplicationEvents' -> false]]; transaction manager [org.springframework.orm.jpa.JpaTransactionManager@1f94acec]; rollback [true]
2021-10-12 00:20:10.597 DEBUG 17523 --- [    Test worker] org.hibernate.SQL                        : insert into member (member_id, city, street, zipcode, name) values (null, ?, ?, ?, ?)
2021-10-12 00:20:10.597  INFO 17523 --- [    Test worker] p6spy                                    : #1633965610597 | took 0ms | statement | connection 7| url jdbc:h2:mem:56faea40-be59-4f33-bb46-814df2cc0c7a
insert into member (member_id, city, street, zipcode, name) values (null, ?, ?, ?, ?)
insert into member (member_id, city, street, zipcode, name) values (null, '서울', '강가', '123-123', '회원1');
2021-10-12 00:20:10.597 DEBUG 17523 --- [    Test worker] org.hibernate.SQL                        : insert into item (item_id, name, price, stock_quantity, author, isbn, dtype) values (null, ?, ?, ?, ?, ?, 'B')
2021-10-12 00:20:10.598  INFO 17523 --- [    Test worker] p6spy                                    : #1633965610598 | took 0ms | statement | connection 7| url jdbc:h2:mem:56faea40-be59-4f33-bb46-814df2cc0c7a
insert into item (item_id, name, price, stock_quantity, author, isbn, dtype) values (null, ?, ?, ?, ?, ?, 'B')
insert into item (item_id, name, price, stock_quantity, author, isbn, dtype) values (null, '시골 JPA', 10000, 10, NULL, NULL, 'B');
2021-10-12 00:20:10.598 DEBUG 17523 --- [    Test worker] org.hibernate.SQL                        : insert into delivery (delivery_id, city, street, zipcode, status) values (null, ?, ?, ?, ?)
2021-10-12 00:20:10.599  INFO 17523 --- [    Test worker] p6spy                                    : #1633965610599 | took 0ms | statement | connection 7| url jdbc:h2:mem:56faea40-be59-4f33-bb46-814df2cc0c7a
insert into delivery (delivery_id, city, street, zipcode, status) values (null, ?, ?, ?, ?)
insert into delivery (delivery_id, city, street, zipcode, status) values (null, '서울', '강가', '123-123', NULL);
2021-10-12 00:20:10.599 DEBUG 17523 --- [    Test worker] org.hibernate.SQL                        : insert into orders (order_id, delivery_id, member_id, order_date, status) values (null, ?, ?, ?, ?)
2021-10-12 00:20:10.600  INFO 17523 --- [    Test worker] p6spy                                    : #1633965610600 | took 0ms | statement | connection 7| url jdbc:h2:mem:56faea40-be59-4f33-bb46-814df2cc0c7a
insert into orders (order_id, delivery_id, member_id, order_date, status) values (null, ?, ?, ?, ?)
insert into orders (order_id, delivery_id, member_id, order_date, status) values (null, 2, 3, '2021-10-12T00:20:10.598+0900', 'ORDER');
2021-10-12 00:20:10.600 DEBUG 17523 --- [    Test worker] org.hibernate.SQL                        : insert into order_item (order_item_id, count, item_id, order_id, order_price) values (null, ?, ?, ?, ?)
2021-10-12 00:20:10.600  INFO 17523 --- [    Test worker] p6spy                                    : #1633965610600 | took 0ms | statement | connection 7| url jdbc:h2:mem:56faea40-be59-4f33-bb46-814df2cc0c7a
insert into order_item (order_item_id, count, item_id, order_id, order_price) values (null, ?, ?, ?, ?)
insert into order_item (order_item_id, count, item_id, order_id, order_price) values (null, 2, 3, 2, 10000);
2021-10-12 00:20:10.603  INFO 17523 --- [    Test worker] p6spy                                    : #1633965610603 | took 0ms | rollback | connection 7| url jdbc:h2:mem:56faea40-be59-4f33-bb46-814df2cc0c7a

;
2021-10-12 00:20:10.603  INFO 17523 --- [    Test worker] o.s.t.c.transaction.TransactionContext   : Rolled back transaction for test: [DefaultTestContext@181ddeaf testClass = OrderServiceTest, testInstance = jpabook.jpashop.service.OrderServiceTest@3ce6c2ec, testMethod = 주문취소@OrderServiceTest, testException = [null], mergedContextConfiguration = [WebMergedContextConfiguration@28d99e49 testClass = OrderServiceTest, locations = '{}', classes = '{class jpabook.jpashop.JpashopApplication}', contextInitializerClasses = '[]', activeProfiles = '{}', propertySourceLocations = '{}', propertySourceProperties = '{org.springframework.boot.test.context.SpringBootTestContextBootstrapper=true}', contextCustomizers = set[org.springframework.boot.test.autoconfigure.actuate.metrics.MetricsExportContextCustomizerFactory$DisableMetricExportContextCustomizer@61635ea1, org.springframework.boot.test.autoconfigure.properties.PropertyMappingContextCustomizer@0, org.springframework.boot.test.autoconfigure.web.servlet.WebDriverContextCustomizerFactory$Customizer@5e0eb484, org.springframework.boot.test.context.filter.ExcludeFilterContextCustomizer@2e3d8999, org.springframework.boot.test.json.DuplicateJsonObjectContextCustomizerFactory$DuplicateJsonObjectContextCustomizer@23013051, org.springframework.boot.test.mock.mockito.MockitoContextCustomizer@0, org.springframework.boot.test.web.client.TestRestTemplateContextCustomizer@781d79ee, org.springframework.boot.test.context.SpringBootTestArgs@1, org.springframework.boot.test.context.SpringBootTestWebEnvironment@1d3ca2d9], resourceBasePath = 'src/main/webapp', contextLoader = 'org.springframework.boot.test.context.SpringBootContextLoader', parent = [null]], attributes = map['org.springframework.test.context.web.ServletTestExecutionListener.activateListener' -> true, 'org.springframework.test.context.web.ServletTestExecutionListener.populatedRequestContextHolder' -> true, 'org.springframework.test.context.web.ServletTestExecutionListener.resetRequestContextHolder' -> true, 'org.springframework.test.context.event.ApplicationEventsTestExecutionListener.recordApplicationEvents' -> false]]
]]></system-out>
  <system-err><![CDATA[]]></system-err>
</testsuite>
